2021-11-27 19:07:33,099 ----------------------------------------------------------------------------------------------------
2021-11-27 19:07:33,101 Model: "TextClassifier(
  (loss_function): CrossEntropyLoss()
  (document_embeddings): DocumentLSTMEmbeddings(
    (embeddings): StackedEmbeddings(
      (list_embedding_0): WordEmbeddings(
        'glove'
        (embedding): Embedding(400001, 100)
      )
      (list_embedding_1): FlairEmbeddings(
        (lm): LanguageModel(
          (drop): Dropout(p=0.25, inplace=False)
          (encoder): Embedding(275, 100)
          (rnn): LSTM(100, 1024)
          (decoder): Linear(in_features=1024, out_features=275, bias=True)
        )
      )
      (list_embedding_2): FlairEmbeddings(
        (lm): LanguageModel(
          (drop): Dropout(p=0.25, inplace=False)
          (encoder): Embedding(275, 100)
          (rnn): LSTM(100, 1024)
          (decoder): Linear(in_features=1024, out_features=275, bias=True)
        )
      )
    )
    (word_reprojection_map): Linear(in_features=2148, out_features=256, bias=True)
    (rnn): GRU(256, 512)
    (dropout): Dropout(p=0.5, inplace=False)
  )
  (decoder): Linear(in_features=512, out_features=3, bias=True)
  (weights): None
  (weight_tensor) None
)"
2021-11-27 19:07:33,139 ----------------------------------------------------------------------------------------------------
2021-11-27 19:07:33,140 Corpus: "Corpus: 4011 train + 446 dev + 1115 test sentences"
2021-11-27 19:07:33,146 ----------------------------------------------------------------------------------------------------
2021-11-27 19:07:33,147 Parameters:
2021-11-27 19:07:33,148  - learning_rate: "0.1"
2021-11-27 19:07:33,149  - mini_batch_size: "32"
2021-11-27 19:07:33,150  - patience: "3"
2021-11-27 19:07:33,150  - anneal_factor: "0.5"
2021-11-27 19:07:33,151  - max_epochs: "3"
2021-11-27 19:07:33,152  - shuffle: "True"
2021-11-27 19:07:33,153  - train_with_dev: "False"
2021-11-27 19:07:33,153  - batch_growth_annealing: "False"
2021-11-27 19:07:33,155 ----------------------------------------------------------------------------------------------------
2021-11-27 19:07:33,156 Model training base path: "temp"
2021-11-27 19:07:33,157 ----------------------------------------------------------------------------------------------------
2021-11-27 19:07:33,157 Device: cpu
2021-11-27 19:07:33,158 ----------------------------------------------------------------------------------------------------
2021-11-27 19:07:33,159 Embeddings storage mode: cpu
2021-11-27 19:07:33,163 ----------------------------------------------------------------------------------------------------
2021-11-27 19:08:16,718 epoch 1 - iter 12/126 - loss 0.01389634 - samples/sec: 9.21 - lr: 0.100000
2021-11-27 19:09:12,995 epoch 1 - iter 24/126 - loss 0.01102403 - samples/sec: 6.83 - lr: 0.100000
2021-11-27 19:10:12,137 epoch 1 - iter 36/126 - loss 0.00945622 - samples/sec: 6.50 - lr: 0.100000
2021-11-27 19:11:10,122 epoch 1 - iter 48/126 - loss 0.00845695 - samples/sec: 6.66 - lr: 0.100000
2021-11-27 19:12:05,315 epoch 1 - iter 60/126 - loss 0.00771312 - samples/sec: 6.96 - lr: 0.100000
2021-11-27 19:12:51,597 epoch 1 - iter 72/126 - loss 0.00698815 - samples/sec: 8.35 - lr: 0.100000
2021-11-27 19:13:39,022 epoch 1 - iter 84/126 - loss 0.00648689 - samples/sec: 8.10 - lr: 0.100000
2021-11-27 19:14:25,920 epoch 1 - iter 96/126 - loss 0.00625209 - samples/sec: 8.20 - lr: 0.100000
2021-11-27 19:15:09,878 epoch 1 - iter 108/126 - loss 0.00590449 - samples/sec: 8.75 - lr: 0.100000
